
321: Инжект(Agricole)
username: 11111111
password: 2222222222

321: Инжект(AkBank)
username: 1111111
password: 222222

321: Инжект(France BanquePopulaire)
username: 1111111
password: 22222222

321: Инжект(France BNPParibas)
username: 111111
password: 22222

321: Инжект(France Boursorama)
username: 1111111
password: 22222222222

321: Инжект(France CaisseEpargne)
username: 1111111111111
password: 2222222222222

321: Инжект(France LCL)
username: 1111111111
password: 2222222222222

321: Инжект(France SocieteGenerale)
username: 1111111111
password: 22222222

321: Инжект(France SocieteGenerale)
username: 325467486
password: 346374

321: Инжект(German Comdirect)
username: 325467486
password: 346374

321: Инжект(German CommerzBank)
username: 325467486
password: 346374

321: Инжект(German Consorsbank)
username: 325467486
password: 346374

321: Инжект(German DeutscheBank)
username: 4234234
code: 325467486
password: 346374

321: Инжект(German DKB)
username: 325467486
password: 346374

321: Инжект(German ING_DiBa)
username: 325467486
code: dwqdq
password: 346374

321: Инжект(German PostBank)
username: 325467486
password: 346374

321: Инжект(German Santander)
username: 325467486
code: csaca
password: 346374

321: Инжект(German Santander)
username: 325467486
code: casca
password: 346374

321: Инжект(German Sparkasse)
username: 325467486
code: few3f3
password: 346374

321: Инжект(German Santander)
username: 325467486
code: vv
password: 346374

321: Инжект(German VolksBank)
username: 325467486
code: xwqxqwqw
password: 346374

321: Инжект(German VolksBank)
username: 325467486
code: 
password: 346374

321: Инжект(German VolksBank)
username: 325467486
code: 4235234235
password: 346374

321: Инжект(France BNPParibas)
username: 325467486
password: 346374

321: Инжект(Грабинг СС мини)
Number Card: 
Month/year: 
CVC: 
Name Holder: 
Phone Number: 

