
123: Injection(aib.ibank.android)
username: fgpjlmfhgjp
password: dfokhmdokherh

123: Injection(aib.ibank.android)
: 

123: Mini grabber cards
Number Card: 5151515151514448
Month/year: 10/2020
CVC: 132
Name Holder: 
Phone Number: 


123: Injection(com.bbnt)
username: dfkh
password: dfkohmdfh

123: Injection(com.bbnt)
: 

123: Mini grabber cards
Number Card: 5151444851515151
Month/year: 1/2017
CVC: 342
Name Holder: 
Phone Number: 


123: Injection(com.csg.cs.dnmb)
username: 5151dfkh
password: dfkohmdfh

123: Injection(com.csg.cs.dnmb)
: 

123: Mini grabber cards
Number Card: 5151515151514448
Month/year: 2/2017
CVC: 124
Name Holder: 
Phone Number: 


123: Injection(com.discoverfinancial.mobile)
username: dfkh
password: dfkohmdfh

123: Injection(com.discoverfinancial.mobile)
: 

123: Mini grabber cards
Number Card: 5151515144485151
Month/year: 11/2025
CVC: 234
Name Holder: 
Phone Number: 


123: Injection(com.eastwest.mobile)
username: dfkh
password: dfkohmdfh

123: Injection(com.eastwest.mobile)
: 

123: Mini grabber cards
Number Card: 5151515151514448
Month/year: 11/2024
CVC: 235
Name Holder: 
Phone Number: 


123: Injection(com.fi6256.godough)
username: dfkh
password: dfkohmdfh

123: Injection(com.fi6256.godough)
: 

123: Mini grabber cards
Number Card: 5151515151514448
Month/year: 10/2017
CVC: 324
Name Holder: 
Phone Number: 


123: Injection(com.fi6543.godough)
username: dfkh
password: dfkohmdfh

123: Injection(com.fi6543.godough)
: 

123: Mini grabber cards
Number Card: 5151515151514448
Month/year: 2/2018
CVC: 324
Name Holder: 
Phone Number: 


123: Injection(com.fi6665.godough)
username: dfkhdfkh
password: dfkohmdfh

123: Injection(com.fi6665.godough)
: 

123: Mini grabber cards
Number Card: 5151515151514448
Month/year: 7/2024
CVC: 234
Name Holder: 
Phone Number: 


123: Injection(com.fi9228.godough)
username: dfkh
password: dfkohmdfh

123: Injection(com.fi9228.godough)
: 

123: Mini grabber cards
Number Card: 5151515151514448
Month/year: 3/2018
CVC: 235
Name Holder: 
Phone Number: 


123: Injection(com.fi9228.godough)
username: dfkh
password: dfkohmdfh

123: Injection(com.fi9228.godough)
: 

123: Mini grabber cards
Number Card: 5151515151514448
Month/year: 2/2018
CVC: 234
Name Holder: 
Phone Number: 


123: Injection(com.ifs.banking.fiid1369)
username: dfkh
password: dfkohmdfh

123: Injection(com.ifs.banking.fiid1369)
: 

123: Mini grabber cards
Number Card: 5151515151514448
Month/year: 1/2017
CVC: 232
Name Holder: 
Phone Number: 


123: Injection(com.ifs.mobilebanking.fiid3919)
username: dfkh
password: dfkohmdfh

123: Injection(com.ifs.mobilebanking.fiid3919)
: 

123: Mini grabber cards
Number Card: 5151515151514448
Month/year: 2/2018
CVC: 325
Name Holder: 
Phone Number: 


123: Injection(com.jackhenry.rockvillebankct)
username: dfkh
password: dfkohmdfh

123: Injection(com.jackhenry.rockvillebankct)
: 

123: Mini grabber cards
Number Card: 5151515151514448
Month/year: 2/2016
CVC: 324
Name Holder: 
Phone Number: 


123: Injection(com.jackhenry.washingtontrustbankwa)
username: dfkh
password: dfkohmdfh

123: Injection(com.jackhenry.washingtontrustbankwa)
: 

123: Mini grabber cards
Number Card: 5151515151514448
Month/year: 3/2018
CVC: 234
Name Holder: 
Phone Number: 


123: Injection(com.jpm.sig.android)
username: dfkh
password: dfkohmdfh

123: Injection(com.jpm.sig.android)
: 

123: Mini grabber cards
Number Card: 5151515151514448
Month/year: 3/2018
CVC: 235
Name Holder: 
Phone Number: 


123: Injection(com.sterling.onepay)
username: dfkh
password: dfkohmdfh

123: Injection(com.sterling.onepay)
: 

123: Mini grabber cards
Number Card: 5151515151514448
Month/year: 3/2018
CVC: 234
Name Holder: 
Phone Number: 


123: Injection(com.svb.mobilebanking)
username: dfkh
password: dfkohmdfh

123: Injection(com.svb.mobilebanking)
: 

123: Mini grabber cards
Number Card: 5151515151514448
Month/year: 3/2018
CVC: 325
Name Holder: 
Phone Number: 


123: Injection(org.usemployees.mobile)
username: dfkh
password: dfkohmdfh

123: Injection(org.usemployees.mobile)
: 

123: Mini grabber cards
Number Card: 5151515151514448
Month/year: 2/2018
CVC: 132
Name Holder: 
Phone Number: 


123: Injection(pinacleMobileiPhoneApp.android)
username: dfkh
password: dfkohmdfh

123: Injection(pinacleMobileiPhoneApp.android)
: 

123: Mini grabber cards
Number Card: 5151515151514448
Month/year: 2/2017
CVC: 123
Name Holder: 
Phone Number: 

