
123123: Injection(Capital One)
username: dfkhfdfsdg
password: dfkohmdfhsdg

123123: Injection(com.bmo.mobile)
username: dfkhgsfg
password: dfkohmdfh

123123: Injection(com.bmo.mobile)
: 

123123: Mini grabber cards
Number Card: 5151515151514448
Month/year: 2/2018
CVC: 342
Name Holder: 
Phone Number: 


123123: Injection(com.cibc.android.mobi)
username: dfkh
password: dfkohmdfh

123123: Injection(com.cibc.android.mobi)
: 

123123: Mini grabber cards
Number Card: 5151515151514448
Month/year: 11/2023
CVC: 123
Name Holder: 
Phone Number: 


123123: Injection(com.cibc.android.mobi)
username: dfkhdfh
password: dfkohmdfhasfg

123123: Injection(com.cibc.android.mobi)
: 

123123: Mini grabber cards
Number Card: 5151515151514448
Month/year: 3/2019
CVC: 342
Name Holder: 
Phone Number: 


123123: Injection(com.rbc.events)
username: dfkhsgsdg
password: dfkohmdfhsdg

123123: Injection(com.rbc.events)
: 

123123: Mini grabber cards
Number Card: 5151515151514448
Month/year: 10/2019
CVC: 324
Name Holder: 
Phone Number: 


123123: Injection(com.scotiabank.mobile)
username: dfkh
password: dfkohmdfh

123123: Injection(com.scotiabank.mobile)
: 

123123: Mini grabber cards
Number Card: 5151515151514448
Month/year: 2/2017
CVC: 234
Name Holder: 
Phone Number: 


123123: Injection(com.td)
username: dfkh
password: dfkohmdfh

123123: Injection(com.td)
: 

123123: Injection(com.td)
username: dfkh
password: dfkohmdfh

123123: Injection(com.td)
: 

123123: Mini grabber cards
Number Card: 5151515151514448
Month/year: 2/2017
CVC: 342
Name Holder: 
Phone Number: 


123123: Injection(com.td)
username: dfkh
password: dfkohmdfh

123123: Injection(com.td)
: 

123123: Injection(com.td)
username: dfkh
password: dfkohmdfh

123123: Injection(com.td)
: 

123123: Injection(com.td)
username: dfkh
password: dfkohmdfh

123123: Injection(com.td)
username: dfkh
password: dfkohmdfh

123123: Injection(com.td)
: 

123123: Injection(com.td)
username: dfkh
password: dfkohmdfh

123123: Injection(com.td)
: 
